Drill Listing
=============
Drill: .0118  Tool: 1  Feed: 95  Speed: 300
X 127500  Y 153750
X 127500  Y 173750
X 127500  Y 193750
X 127500  Y 213750
X 127500  Y 233750
X 127500  Y 253750
X 127500  Y 273750
X 127500  Y 293750
X 127500  Y 313750
X 127500  Y 333750
X 127500  Y 353750
X 127500  Y 373750
X 127500  Y 393750
X 127500  Y 413750
X 127500  Y 433750
X 127500  Y 453750
X 127500  Y 473750
X 127500  Y 493750
X 127500  Y 517500
X 147500  Y 517500
X 167500  Y 517500
X 147500  Y 493750
X 167500  Y 493750
X 147500  Y 473750
X 167500  Y 473750
X 147500  Y 453750
X 167500  Y 453750
X 147500  Y 433750
X 167500  Y 433750
X 147500  Y 413750
X 167500  Y 413750
X 147500  Y 393750
X 167500  Y 393750
X 147500  Y 373750
X 167500  Y 373750
X 147500  Y 353750
X 167500  Y 353750
X 147500  Y 333750
X 167500  Y 333750
X 147500  Y 313750
X 167500  Y 313750
X 147500  Y 293750
X 167500  Y 293750
X 147500  Y 273750
X 167500  Y 273750
X 147500  Y 253750
X 167500  Y 253750
X 147500  Y 233750
X 167500  Y 233750
X 147500  Y 213750
X 167500  Y 213750
X 147500  Y 193750
X 167500  Y 193750
X 147500  Y 173750
X 167500  Y 173750
X 167500  Y 153750
X 147500  Y 153750
X 147500  Y 133750
X 167500  Y 133750
X 147500  Y 113750
X 167500  Y 113750
X 187500  Y 113750
X 207500  Y 113750
X 207500  Y 133750
X 207500  Y 153750
X 207500  Y 173750
X 207500  Y 193750
X 207500  Y 213750
X 207500  Y 233750
X 207500  Y 253750
X 207500  Y 273750
X 207500  Y 293750
X 207500  Y 313750
X 207500  Y 333750
X 207500  Y 353750
X 187500  Y 517500
X 207500  Y 517500
X 227500  Y 517500
X 247500  Y 517500
X 267500  Y 517500
X 267500  Y 477500
X 267500  Y 437500
X 267500  Y 417500
X 267500  Y 397500
X 234251  Y 371259
X 241338  Y 362204
X 267500  Y 357500
X 267500  Y 317500
X 267500  Y 297500
X 267500  Y 277500
X 267500  Y 257500
X 267500  Y 237500
X 267500  Y 217500
X 227500  Y 197500
X 247500  Y 197500
X 267500  Y 197500
X 247500  Y 173750
X 267500  Y 173750
X 227500  Y 173750
X 267500  Y 153750
X 247500  Y 153750
X 227500  Y 153750
X 247500  Y 133750
X 227500  Y 133750
X 267500  Y 133750
X 227500  Y 113750
X 267500  Y 113750
X 247500  Y 113750
X 287500  Y 113750
X 307500  Y 113750
X 287500  Y 133750
X 307500  Y 133750
X 307500  Y 153750
X 287500  Y 153750
X 287500  Y 173750
X 307500  Y 173750
X 287500  Y 197500
X 307500  Y 197500
X 287500  Y 217500
X 307500  Y 217500
X 287500  Y 237500
X 307500  Y 237500
X 307500  Y 257500
X 287500  Y 257500
X 307500  Y 277500
X 307500  Y 297500
X 276377  Y 309055
X 294881  Y 309055
X 307500  Y 317500
X 307500  Y 337500
X 287500  Y 337500
X 287500  Y 357500
X 307500  Y 357500
X 307500  Y 377500
X 287500  Y 397500
X 307500  Y 417500
X 287500  Y 437500
X 307500  Y 457500
X 316929  Y 459448
X 307500  Y 517500
X 287500  Y 537500
X 307500  Y 537500
X 327500  Y 537500
X 327500  Y 517500
X 328346  Y 498818
X 327500  Y 477500
X 327500  Y 457500
X 322834  Y 451574
X 327500  Y 377500
X 327500  Y 357500
X 327500  Y 337500
X 327500  Y 317500
X 327500  Y 257500
X 327500  Y 237500
X 327500  Y 217500
X 327500  Y 197500
X 327500  Y 173750
X 327500  Y 153750
X 327500  Y 133750
X 327500  Y 113750
X 367500  Y 113750
X 347500  Y 113750
X 347500  Y 133750
X 367500  Y 133750
X 367500  Y 153750
X 347500  Y 153750
X 347500  Y 173750
X 367500  Y 173750
X 347500  Y 197500
X 347500  Y 217500
X 347500  Y 237500
X 347500  Y 257500
X 347500  Y 317500
X 347500  Y 397500
X 347500  Y 417500
X 347500  Y 437500
X 347500  Y 457500
X 347500  Y 477500
X 347500  Y 497500
X 367500  Y 517500
X 347500  Y 517500
X 347500  Y 537500
X 367500  Y 537500
X 387500  Y 537500
X 407500  Y 537500
X 387500  Y 517500
X 407500  Y 517500
X 407500  Y 493750
X 387500  Y 493750
X 407500  Y 473750
X 387500  Y 473750
X 407500  Y 453750
X 387500  Y 453750
X 407500  Y 433750
X 407500  Y 413750
X 407500  Y 393750
X 407500  Y 373750
X 407500  Y 353750
X 407500  Y 333750
X 407500  Y 313750
X 407500  Y 293750
X 407500  Y 273750
X 407500  Y 253750
X 407500  Y 233750
X 407500  Y 213750
X 407500  Y 193750
X 407500  Y 173750
X 407500  Y 153750
X 407500  Y 133750
X 387500  Y 113750
X 407500  Y 113750
X 427500  Y 113750
X 427500  Y 133750
X 427500  Y 153750
X 427500  Y 173750
X 427500  Y 193750
X 427500  Y 213750
X 427500  Y 233750
X 427500  Y 253750
X 427500  Y 273750
X 427500  Y 293750
X 427500  Y 313750
X 427500  Y 333750
X 427500  Y 353750
X 427500  Y 373750
X 427500  Y 393750
X 427500  Y 413750
X 427500  Y 433750
X 427500  Y 453750
X 427500  Y 473750
X 427500  Y 493750
X 427500  Y 517500
X 427500  Y 537500
X 447500  Y 537500
X 447500  Y 517500

Drill: .035  Tool: 2  Feed: 197  Speed: 550
X 191850  Y 126535
X 191850  Y 136535
X 191850  Y 146535
X 191850  Y 156535
X 191850  Y 166535
X 191850  Y 176535
X 191850  Y 186535
X 191850  Y 196535
X 191850  Y 206535
X 191850  Y 216535
X 191850  Y 226535
X 191850  Y 236535
X 191850  Y 246535
X 191850  Y 256535
X 191850  Y 266535
X 191850  Y 276535
X 191850  Y 286535
X 191850  Y 296535
X 191850  Y 306535
X 191850  Y 316535
X 191850  Y 326535
X 191850  Y 336535
X 191850  Y 346535
X 191850  Y 356535
X 191850  Y 366535
X 191850  Y 376535
X 191850  Y 386535
X 191850  Y 396535
X 191850  Y 406535
X 191850  Y 416535
X 191850  Y 426535
X 191850  Y 436535
X 201850  Y 436535
X 201850  Y 426535
X 201850  Y 416535
X 201850  Y 406535
X 201850  Y 396535
X 201850  Y 386535
X 201850  Y 376535
X 201850  Y 366535
X 201850  Y 356535
X 201850  Y 346535
X 201850  Y 336535
X 201850  Y 326535
X 201850  Y 316535
X 201850  Y 306535
X 201850  Y 296535
X 201850  Y 286535
X 201850  Y 276535
X 201850  Y 266535
X 201850  Y 256535
X 201850  Y 246535
X 201850  Y 236535
X 201850  Y 226535
X 201850  Y 216535
X 201850  Y 206535
X 201850  Y 196535
X 201850  Y 186535
X 201850  Y 176535
X 201850  Y 166535
X 201850  Y 156535
X 201850  Y 146535
X 201850  Y 136535
X 201850  Y 126535
X 391850  Y 126535
X 391850  Y 136535
X 391850  Y 146535
X 391850  Y 156535
X 391850  Y 166535
X 391850  Y 176535
X 391850  Y 186535
X 391850  Y 196535
X 391850  Y 206535
X 391850  Y 216535
X 391850  Y 226535
X 391850  Y 236535
X 391850  Y 246535
X 391850  Y 256535
X 391850  Y 266535
X 391850  Y 276535
X 391850  Y 286535
X 391850  Y 296535
X 391850  Y 306535
X 391850  Y 316535
X 391850  Y 326535
X 391850  Y 336535
X 391850  Y 346535
X 391850  Y 356535
X 391850  Y 366535
X 391850  Y 376535
X 391850  Y 386535
X 391850  Y 396535
X 391850  Y 406535
X 391850  Y 416535
X 391850  Y 426535
X 391850  Y 436535
X 401850  Y 436535
X 401850  Y 426535
X 401850  Y 416535
X 401850  Y 406535
X 401850  Y 396535
X 401850  Y 386535
X 401850  Y 376535
X 401850  Y 366535
X 401850  Y 356535
X 401850  Y 346535
X 401850  Y 336535
X 401850  Y 326535
X 401850  Y 316535
X 401850  Y 306535
X 401850  Y 296535
X 401850  Y 286535
X 401850  Y 276535
X 401850  Y 266535
X 401850  Y 256535
X 401850  Y 246535
X 401850  Y 236535
X 401850  Y 226535
X 401850  Y 216535
X 401850  Y 206535
X 401850  Y 196535
X 401850  Y 186535
X 401850  Y 176535
X 401850  Y 166535
X 401850  Y 156535
X 401850  Y 146535
X 401850  Y 136535
X 401850  Y 126535

Drill: .04  Tool: 3  Feed: 139  Speed: 550
X 232677  Y 213822
X 232677  Y 223622
X 139370  Y 533070
X 139370  Y 542870
X 454330  Y 542913
X 454330  Y 533113

Drill: .15748  Tool: 4  Feed: 35  Speed: 900
X 119685  Y 119685
X 119685  Y 552755
X 474015  Y 552755
X 474015  Y 119685

End of Listing
